
> frontend@0.0.0 dev
> vite --host --port 5173


  VITE v7.0.6  ready in 187 ms

  ➜  Local:   http://localhost:5173/
  ➜  Network: http://178.128.97.172:5173/
  ➜  Network: http://10.15.0.6:5173/
  ➜  Network: http://10.104.0.3:5173/
3:03:51 PM [vite] (client) hmr update /src/App.jsx
3:05:02 PM [vite] (client) hmr update /src/components/PartCard.jsx
3:05:51 PM [vite] (client) hmr update /src/components/StoryBox.jsx
3:06:48 PM [vite] (client) hmr update /src/components/StoryBox.css
5:23:28 AM [vite] (client) hmr update /src/App.css
5:23:46 AM [vite] (client) hmr update /src/App.css
5:24:22 AM [vite] (client) hmr update /src/components/StoryBox.css
5:24:44 AM [vite] (client) hmr update /src/App.css
5:24:59 AM [vite] (client) hmr update /src/App.css
5:25:24 AM [vite] (client) hmr update /src/App.css
5:25:33 AM [vite] (client) hmr update /src/App.css
5:25:54 AM [vite] (client) hmr update /src/App.css
5:26:01 AM [vite] (client) page reload index.html
5:26:10 AM [vite] (client) hmr update /src/App.css
5:26:29 AM [vite] (client) hmr update /src/App.css
5:26:44 AM [vite] (client) hmr update /src/App.css
